ALGERIA|22
ALGERIA|22
ALGERIA|22
ARGENTINA|20
ARGENTINA|20
ARGENTINA|20
BRAZIL|19
BRAZIL|19
CANADA|19
CANADA|19
CANADA|19
CHINA|10
CHINA|10
CHINA|10
CHINA|10
CHINA|10
CHINA|10
CHINA|10
EGYPT|15
EGYPT|15
EGYPT|15
EGYPT|15
EGYPT|15
EGYPT|15
ETHIOPIA|35
ETHIOPIA|35
ETHIOPIA|35
FRANCE|11
FRANCE|11
GERMANY|8
GERMANY|8
GERMANY|8
GERMANY|8
GERMANY|8
INDIA|13
INDIA|13
INDIA|13
INDIA|13
INDIA|13
INDONESIA|23
INDONESIA|23
INDONESIA|23
INDONESIA|23
INDONESIA|23
IRAN|16
IRAN|16
IRAQ|26
IRAQ|26
JAPAN|24
JAPAN|24
JAPAN|24
JAPAN|24
JORDAN|25
KENYA|16
KENYA|16
KENYA|16
KENYA|16
KENYA|16
KENYA|16
MOROCCO|17
MOROCCO|17
MOZAMBIQUE|9
MOZAMBIQUE|9
MOZAMBIQUE|9
MOZAMBIQUE|9
MOZAMBIQUE|9
MOZAMBIQUE|9
MOZAMBIQUE|9
PERU|13
PERU|13
PERU|13
PERU|13
ROMANIA|13
ROMANIA|13
ROMANIA|13
ROMANIA|13
ROMANIA|13
RUSSIA|14
RUSSIA|14
RUSSIA|14
RUSSIA|14
RUSSIA|14
SAUDI ARABIA|13
UNITED KINGDOM|23
UNITED KINGDOM|23
UNITED KINGDOM|23
UNITED STATES|21
UNITED STATES|21
UNITED STATES|21
UNITED STATES|21
UNITED STATES|21
UNITED STATES|21
UNITED STATES|21
UNITED STATES|21
VIETNAM|13
VIETNAM|13
VIETNAM|13
VIETNAM|13
VIETNAM|13
VIETNAM|13
