 wId       wName                                wCap       sId        nId      
  1                 Supplier#000000001___EGYPT 2044         1         4        
  1               Supplier#000000001___ROMANIA 2044         1        19        
  2               Supplier#000000002___VIETNAM 1876         2        21        
  2          Supplier#000000002___SAUDI ARABIA 1876         2        20        
  3               Supplier#000000003___ALGERIA 2006         3         0        
  3                 Supplier#000000003___JAPAN 2006         3        12        
  4                Supplier#000000004___CANADA 2246         4         3        
  4                  Supplier#000000004___IRAN 2246         4        10        
  5                Supplier#000000005___CANADA 1730         5         3        
  5                 Supplier#000000005___EGYPT 1730         5         4        
  6                  Supplier#000000006___IRAN 1732         6        10        
  6                Supplier#000000006___CANADA 1732         6         3        
  7                Supplier#000000007___CANADA 1894         7         3        
  7               Supplier#000000007___ROMANIA 1894         7        19        
  8                Supplier#000000008___CANADA 2088         8         3        
  8                 Supplier#000000008___EGYPT 2088         8         4        
  9                 Supplier#000000009___EGYPT 1794         9         4        
  9                  Supplier#000000009___IRAQ 1794         9        11        
 10               Supplier#000000010___GERMANY 1928        10         7        
 10                Supplier#000000010___CANADA 1928        10         3        
 11                 Supplier#000000011___EGYPT 1840        11         4        
 11               Supplier#000000011___ROMANIA 1840        11        19        
 12          Supplier#000000012___SAUDI ARABIA 1618        12        20        
 12             Supplier#000000012___INDONESIA 1618        12         9        
 13                 Supplier#000000013___EGYPT 1872        13         4        
 13            Supplier#000000013___MOZAMBIQUE 1872        13        16        
 14                Supplier#000000014___CANADA 2130        14         3        
 14                 Supplier#000000014___EGYPT 2130        14         4        
 15          Supplier#000000015___SAUDI ARABIA 2256        15        20        
 15                 Supplier#000000015___EGYPT 2256        15         4        
 16          Supplier#000000016___SAUDI ARABIA 1972        16        20        
 16                Supplier#000000016___CANADA 1972        16         3        
 17             Supplier#000000017___INDONESIA 1740        17         9        
 17               Supplier#000000017___ROMANIA 1740        17        19        
 18               Supplier#000000018___ROMANIA 2046        18        19        
 18                Supplier#000000018___CANADA 2046        18         3        
 19               Supplier#000000019___ROMANIA 2436        19        19        
 19                 Supplier#000000019___EGYPT 2436        19         4        
 20                Supplier#000000020___BRAZIL 1908        20         2        
 20         Supplier#000000020___UNITED STATES 1908        20        24        
 21                Supplier#000000021___CANADA 1924        21         3        
 21                Supplier#000000021___BRAZIL 1924        21         2        
 22                 Supplier#000000022___KENYA 2174        22        14        
 22               Supplier#000000022___VIETNAM 2174        22        21        
 23                 Supplier#000000023___EGYPT 1726        23         4        
 23                  Supplier#000000023___IRAN 1726        23        10        
 24             Supplier#000000024___INDONESIA 1788        24         9        
 24               Supplier#000000024___ALGERIA 1788        24         0        
 25                Supplier#000000025___BRAZIL 1882        25         2        
 25               Supplier#000000025___ALGERIA 1882        25         0        
 26                 Supplier#000000026___EGYPT 1768        26         4        
 26               Supplier#000000026___VIETNAM 1768        26        21        
 27                 Supplier#000000027___EGYPT 1864        27         4        
 27                  Supplier#000000027___IRAN 1864        27        10        
 28            Supplier#000000028___MOZAMBIQUE 2274        28        16        
 28             Supplier#000000028___INDONESIA 2274        28         9        
 29                 Supplier#000000029___JAPAN 1538        29        12        
 29             Supplier#000000029___INDONESIA 1538        29         9        
 30                Supplier#000000030___CANADA 2108        30         3        
 30                  Supplier#000000030___IRAN 2108        30        10        
 31               Supplier#000000031___ALGERIA 1600        31         0        
 31                  Supplier#000000031___IRAN 1600        31        10        
 32                Supplier#000000032___CANADA 1942        32         3        
 32                 Supplier#000000032___INDIA 1942        32         8        
 33                 Supplier#000000033___EGYPT 1578        33         4        
 33                 Supplier#000000033___JAPAN 1578        33        12        
 34               Supplier#000000034___ALGERIA 1698        34         0        
 34            Supplier#000000034___MOZAMBIQUE 1698        34        16        
 35               Supplier#000000035___ROMANIA 1932        35        19        
 35                Supplier#000000035___BRAZIL 1932        35         2        
 36               Supplier#000000036___ALGERIA 1504        36         0        
 36                Supplier#000000036___BRAZIL 1504        36         2        
 37                Supplier#000000037___BRAZIL 2046        37         2        
 37                Supplier#000000037___CANADA 2046        37         3        
 38                 Supplier#000000038___JAPAN 2200        38        12        
 38               Supplier#000000038___ROMANIA 2200        38        19        
 39          Supplier#000000039___SAUDI ARABIA 1978        39        20        
 39                Supplier#000000039___CANADA 1978        39         3        
 40                Supplier#000000040___BRAZIL 1922        40         2        
 40             Supplier#000000040___INDONESIA 1922        40         9        
 41                Supplier#000000041___CANADA 2088        41         3        
 41               Supplier#000000041___ALGERIA 2088        41         0        
 42                 Supplier#000000042___EGYPT 1770        42         4        
 42        Supplier#000000042___UNITED KINGDOM 1770        42        23        
 43                Supplier#000000043___CANADA 1992        43         3        
 43                Supplier#000000043___BRAZIL 1992        43         2        
 44            Supplier#000000044___MOZAMBIQUE 2090        44        16        
 44                Supplier#000000044___BRAZIL 2090        44         2        
 45                Supplier#000000045___CANADA 1932        45         3        
 45                  Supplier#000000045___IRAN 1932        45        10        
 46            Supplier#000000046___MOZAMBIQUE 2334        46        16        
 46                Supplier#000000046___CANADA 2334        46         3        
 47          Supplier#000000047___SAUDI ARABIA 1748        47        20        
 47             Supplier#000000047___INDONESIA 1748        47         9        
 48                  Supplier#000000048___IRAN 2272        48        10        
 48                 Supplier#000000048___JAPAN 2272        48        12        
 49                Supplier#000000049___CANADA 2020        49         3        
 49        Supplier#000000049___UNITED KINGDOM 2020        49        23        
 50          Supplier#000000050___SAUDI ARABIA 2070        50        20        
 50               Supplier#000000050___GERMANY 2070        50         7        
 51                Supplier#000000051___CANADA 2764        51         3        
 51          Supplier#000000051___SAUDI ARABIA 2764        51        20        
 52                Supplier#000000052___CANADA 2018        52         3        
 52                 Supplier#000000052___EGYPT 2018        52         4        
 53                 Supplier#000000053___JAPAN 1894        53        12        
 53                Supplier#000000053___BRAZIL 1894        53         2        
 54                Supplier#000000054___BRAZIL 1892        54         2        
 54          Supplier#000000054___SAUDI ARABIA 1892        54        20        
 55        Supplier#000000055___UNITED KINGDOM 2018        55        23        
 55                  Supplier#000000055___IRAQ 2018        55        11        
 56               Supplier#000000056___MOROCCO 2076        56        15        
 56                 Supplier#000000056___EGYPT 2076        56         4        
 57                Supplier#000000057___CANADA 1692        57         3        
 57               Supplier#000000057___GERMANY 1692        57         7        
 58               Supplier#000000058___ALGERIA 1746        58         0        
 58                 Supplier#000000058___EGYPT 1746        58         4        
 59                Supplier#000000059___CANADA 2008        59         3        
 59                  Supplier#000000059___IRAN 2008        59        10        
 60                  Supplier#000000060___IRAN 1868        60        10        
 60               Supplier#000000060___GERMANY 1868        60         7        
 61                 Supplier#000000061___EGYPT 1930        61         4        
 61                  Supplier#000000061___IRAN 1930        61        10        
 62             Supplier#000000062___INDONESIA 1866        62         9        
 62                 Supplier#000000062___EGYPT 1866        62         4        
 63                  Supplier#000000063___IRAN 1852        63        10        
 63            Supplier#000000063___MOZAMBIQUE 1852        63        16        
 64                Supplier#000000064___CANADA 2184        64         3        
 64                  Supplier#000000064___IRAN 2184        64        10        
 65                Supplier#000000065___CANADA 1646        65         3        
 65                  Supplier#000000065___IRAN 1646        65        10        
 66                 Supplier#000000066___EGYPT 2330        66         4        
 66                Supplier#000000066___CANADA 2330        66         3        
 67                Supplier#000000067___CANADA 1680        67         3        
 67        Supplier#000000067___UNITED KINGDOM 1680        67        23        
 68                Supplier#000000068___CANADA 2108        68         3        
 68              Supplier#000000068___ETHIOPIA 2108        68         5        
 69                Supplier#000000069___CANADA 1770        69         3        
 69                Supplier#000000069___BRAZIL 1770        69         2        
 70             Supplier#000000070___INDONESIA 1780        70         9        
 70               Supplier#000000070___ROMANIA 1780        70        19        
 71                Supplier#000000071___CANADA 2178        71         3        
 71               Supplier#000000071___ALGERIA 2178        71         0        
 72                Supplier#000000072___CANADA 1832        72         3        
 72                 Supplier#000000072___EGYPT 1832        72         4        
 73                Supplier#000000073___BRAZIL 2588        73         2        
 73                 Supplier#000000073___JAPAN 2588        73        12        
 74                  Supplier#000000074___IRAN 1668        74        10        
 74                Supplier#000000074___CANADA 1668        74         3        
 75                Supplier#000000075___BRAZIL 2100        75         2        
 75          Supplier#000000075___SAUDI ARABIA 2100        75        20        
 76                  Supplier#000000076___IRAN 1850        76        10        
 76                Supplier#000000076___BRAZIL 1850        76         2        
 77                 Supplier#000000077___EGYPT 2134        77         4        
 77                 Supplier#000000077___KENYA 2134        77        14        
 78                Supplier#000000078___CANADA 1964        78         3        
 78                  Supplier#000000078___IRAN 1964        78        10        
 79                  Supplier#000000079___IRAN 1964        79        10        
 79             Supplier#000000079___ARGENTINA 1964        79         1        
 80                 Supplier#000000080___EGYPT 1700        80         4        
 80                Supplier#000000080___BRAZIL 1700        80         2        
 81               Supplier#000000081___ALGERIA 1776        81         0        
 81                 Supplier#000000081___JAPAN 1776        81        12        
 82                Supplier#000000082___CANADA 2008        82         3        
 82                  Supplier#000000082___IRAN 2008        82        10        
 83                Supplier#000000083___BRAZIL 2016        83         2        
 83                 Supplier#000000083___EGYPT 2016        83         4        
 84                Supplier#000000084___BRAZIL 1980        84         2        
 84               Supplier#000000084___MOROCCO 1980        84        15        
 85                Supplier#000000085___JORDAN 1756        85        13        
 85        Supplier#000000085___UNITED KINGDOM 1756        85        23        
 86                 Supplier#000000086___EGYPT 1926        86         4        
 86               Supplier#000000086___MOROCCO 1926        86        15        
 87                 Supplier#000000087___EGYPT 2114        87         4        
 87          Supplier#000000087___SAUDI ARABIA 2114        87        20        
 88               Supplier#000000088___ALGERIA 1752        88         0        
 88               Supplier#000000088___VIETNAM 1752        88        21        
 89               Supplier#000000089___ALGERIA 1936        89         0        
 89                  Supplier#000000089___IRAN 1936        89        10        
 90                  Supplier#000000090___IRAN 1858        90        10        
 90               Supplier#000000090___MOROCCO 1858        90        15        
 91               Supplier#000000091___ALGERIA 1696        91         0        
 91                 Supplier#000000091___KENYA 1696        91        14        
 92                 Supplier#000000092___JAPAN 1694        92        12        
 92               Supplier#000000092___ALGERIA 1694        92         0        
 93                Supplier#000000093___JORDAN 1680        93        13        
 93               Supplier#000000093___MOROCCO 1680        93        15        
 94                Supplier#000000094___BRAZIL 1980        94         2        
 94                 Supplier#000000094___EGYPT 1980        94         4        
 95                 Supplier#000000095___EGYPT 1686        95         4        
 95                  Supplier#000000095___IRAN 1686        95        10        
 96               Supplier#000000096___MOROCCO 2054        96        15        
 96                Supplier#000000096___CANADA 2054        96         3        
 97                Supplier#000000097___BRAZIL 1978        97         2        
 97                 Supplier#000000097___JAPAN 1978        97        12        
 98                Supplier#000000098___CANADA 1872        98         3        
 98                  Supplier#000000098___IRAN 1872        98        10        
 99             Supplier#000000099___INDONESIA 2454        99         9        
 99                Supplier#000000099___BRAZIL 2454        99         2        
100                  Supplier#000000100___IRAN 1874       100        10        
100                 Supplier#000000100___JAPAN 1874       100        12        